JvmtiExport can_access_local_variables 0
JvmtiExport can_hotswap_or_post_breakpoint 0
JvmtiExport can_post_on_exceptions 0
# 277 ciObject found
ciMethod java/lang/Object <init> ()V 4097 1 49079 0 0
ciMethod java/lang/Object notifyAll ()V 2057 1 257 0 -1
ciMethod java/lang/Object wait ()V 785 1 106 0 -1
ciMethod java/lang/Throwable printStackTrace ()V 0 0 1 0 -1
ciMethod java/lang/Thread currentThread ()Ljava/lang/Thread; 2049 1 256 0 -1
ciMethod java/lang/Thread <init> (Ljava/lang/ThreadGroup;Ljava/lang/Runnable;Ljava/lang/String;)V 33 1 4 0 -1
ciMethod java/lang/Thread start ()V 57 1 7 0 -1
ciMethod java/lang/Thread interrupt ()V 0 0 1 0 -1
ciMethod java/lang/Thread setDaemon (Z)V 57 1 7 0 -1
ciMethod java/lang/Thread setContextClassLoader (Ljava/lang/ClassLoader;)V 65 1 8 0 -1
ciMethod java/util/Map isEmpty ()Z 0 0 1 0 -1
ciMethod java/util/Map get (Ljava/lang/Object;)Ljava/lang/Object; 0 0 1 0 -1
ciMethod sun/misc/Unsafe compareAndSwapInt (Ljava/lang/Object;JII)Z 2049 1 256 0 -1
ciMethod java/util/Set isEmpty ()Z 0 0 1 0 -1
ciMethod java/util/Set add (Ljava/lang/Object;)Z 0 0 1 0 -1
ciMethod java/io/PrintStream println (Ljava/lang/String;)V 25 1 9 0 -1
ciMethodData java/lang/Object <init> ()V 2 49079 orig 264 72 34 147 93 0 0 0 0 104 4 221 18 0 0 0 0 32 1 0 0 0 0 0 0 0 0 0 0 0 0 0 0 0 0 0 0 0 0 0 0 0 0 0 0 0 0 0 0 0 0 0 0 0 0 0 0 0 0 0 0 0 0 0 0 0 0 0 0 0 0 0 0 0 0 0 0 0 0 0 0 77 68 79 32 101 120 116 114 97 32 100 97 116 97 32 108 111 99 107 0 0 0 0 0 0 0 0 0 0 0 0 0 0 0 0 0 0 0 0 0 0 0 0 0 0 0 0 0 0 0 0 0 0 0 0 0 0 0 0 0 0 0 0 0 0 0 0 0 0 0 0 0 0 0 0 0 0 0 0 0 0 0 0 0 0 0 0 0 0 0 0 0 0 0 0 0 0 0 0 0 0 0 0 0 0 0 0 0 0 0 0 0 0 0 0 0 0 0 0 0 0 0 0 0 0 0 0 0 0 0 0 0 0 0 0 0 0 2 0 0 185 237 5 0 1 0 0 0 0 0 0 0 0 0 0 0 2 0 0 0 0 0 3 0 1 0 0 0 0 0 0 0 255 255 255 255 0 0 0 0 0 0 0 0 data 0 oops 0
ciMethod java/util/concurrent/locks/Lock lock ()V 0 0 1 0 -1
ciMethod java/util/concurrent/locks/Lock unlock ()V 0 0 1 0 -1
ciMethod java/util/concurrent/locks/ReentrantLock lock ()V 2049 1 10443 0 0
ciMethod java/util/concurrent/locks/ReentrantLock unlock ()V 2049 1 10461 0 0
ciMethod java/awt/Component isCoalescingEnabled ()Z 1417 1 177 0 0
ciMethod java/awt/AWTEvent getID ()I 1073 1 134 0 0
ciMethod java/util/EventObject getSource ()Ljava/lang/Object; 1033 1 129 0 0
ciMethod sun/util/logging/PlatformLogger isLoggable (Lsun/util/logging/PlatformLogger$Level;)Z 4097 1 5657 0 288
ciMethod sun/util/logging/PlatformLogger$Level intValue ()I 4097 1 11326 0 -1
ciMethod sun/util/logging/PlatformLogger$DefaultLoggerProxy isLoggable (Lsun/util/logging/PlatformLogger$Level;)Z 4097 1 5663 0 192
ciMethod sun/util/logging/PlatformLogger$LoggerProxy isLoggable (Lsun/util/logging/PlatformLogger$Level;)Z 0 0 1 0 -1
ciMethod sun/util/logging/PlatformLogger$JavaLoggerProxy isLoggable (Lsun/util/logging/PlatformLogger$Level;)Z 0 0 1 0 -1
ciMethod java/awt/peer/ComponentPeer coalescePaintEvent (Ljava/awt/event/PaintEvent;)V 0 0 1 0 -1
ciMethod sun/awt/windows/WComponentPeer coalescePaintEvent (Ljava/awt/event/PaintEvent;)V 2169 1 2751 0 0
ciMethod sun/awt/AppContext get (Ljava/lang/Object;)Ljava/lang/Object; 2049 1 5414 0 2304
ciMethod sun/awt/SunToolkit flushPendingEvents (Lsun/awt/AppContext;)V 2065 1 5413 0 0
ciMethod java/util/concurrent/locks/ReentrantLock$NonfairSync lock ()V 2049 1 5441 0 128
ciMethod java/util/concurrent/locks/ReentrantLock$Sync lock ()V 0 0 1 0 -1
ciMethod java/util/concurrent/locks/ReentrantLock$Sync tryRelease (I)Z 2049 1 5530 0 0
ciMethod java/util/concurrent/locks/ReentrantLock$Sync isHeldExclusively ()Z 2113 1 4386 0 0
ciMethod java/util/concurrent/locks/AbstractQueuedSynchronizer getState ()I 1081 1 135 0 0
ciMethod java/util/concurrent/locks/AbstractQueuedSynchronizer setState (I)V 2049 1 5531 0 0
ciMethod java/util/concurrent/locks/AbstractQueuedSynchronizer compareAndSetState (II)Z 2049 1 5883 0 0
ciMethod java/util/concurrent/locks/AbstractQueuedSynchronizer enq (Ljava/util/concurrent/locks/AbstractQueuedSynchronizer$Node;)Ljava/util/concurrent/locks/AbstractQueuedSynchronizer$Node; 2049 9 423 0 -1
ciMethod java/util/concurrent/locks/AbstractQueuedSynchronizer addWaiter (Ljava/util/concurrent/locks/AbstractQueuedSynchronizer$Node;)Ljava/util/concurrent/locks/AbstractQueuedSynchronizer$Node; 0 0 12 0 -1
ciMethod java/util/concurrent/locks/AbstractQueuedSynchronizer unparkSuccessor (Ljava/util/concurrent/locks/AbstractQueuedSynchronizer$Node;)V 17 1 427 0 0
ciMethod java/util/concurrent/locks/AbstractQueuedSynchronizer selfInterrupt ()V 0 0 1 0 -1
ciMethod java/util/concurrent/locks/AbstractQueuedSynchronizer acquireQueued (Ljava/util/concurrent/locks/AbstractQueuedSynchronizer$Node;I)Z 17 1 433 0 -1
ciMethod java/util/concurrent/locks/AbstractQueuedSynchronizer tryAcquire (I)Z 0 0 1 0 -1
ciMethod java/util/concurrent/locks/AbstractQueuedSynchronizer tryRelease (I)Z 0 0 1 0 -1
ciMethod java/util/concurrent/locks/AbstractQueuedSynchronizer isHeldExclusively ()Z 0 0 1 0 -1
ciMethod java/util/concurrent/locks/AbstractQueuedSynchronizer acquire (I)V 9 1 22 0 0
ciMethod java/util/concurrent/locks/AbstractQueuedSynchronizer release (I)Z 2049 1 5530 0 192
ciMethod java/util/concurrent/locks/AbstractQueuedSynchronizer transferForSignal (Ljava/util/concurrent/locks/AbstractQueuedSynchronizer$Node;)Z 2049 1 423 0 0
ciMethod java/util/concurrent/locks/AbstractQueuedSynchronizer compareAndSetWaitStatus (Ljava/util/concurrent/locks/AbstractQueuedSynchronizer$Node;II)Z 2049 1 1282 0 -1
ciMethod java/util/concurrent/locks/AbstractOwnableSynchronizer setExclusiveOwnerThread (Ljava/lang/Thread;)V 3073 1 11403 0 0
ciMethod java/util/concurrent/locks/AbstractOwnableSynchronizer getExclusiveOwnerThread ()Ljava/lang/Thread; 1033 1 129 0 0
ciMethod java/util/concurrent/locks/Condition signalAll ()V 0 0 1 0 -1
ciMethod java/util/concurrent/locks/AbstractQueuedSynchronizer$ConditionObject doSignalAll (Ljava/util/concurrent/locks/AbstractQueuedSynchronizer$Node;)V 17 1 423 0 0
ciMethod java/util/concurrent/locks/AbstractQueuedSynchronizer$ConditionObject signalAll ()V 2081 1 4386 0 0
ciMethod java/awt/EventQueue postEvent (Ljava/awt/AWTEvent;)V 1865 1 3755 0 0
ciMethod java/awt/EventQueue postEventPrivate (Ljava/awt/AWTEvent;)V 1865 1 3755 0 0
ciMethod java/awt/EventQueue getPriority (Ljava/awt/AWTEvent;)I 2161 1 3754 0 0
ciMethod java/awt/EventQueue postEvent (Ljava/awt/AWTEvent;I)V 2281 1 3754 0 0
ciMethod java/awt/EventQueue coalescePaintEvent (Ljava/awt/event/PaintEvent;)Z 2169 1 2751 0 0
ciMethod java/awt/EventQueue mergePaintEvents (Ljava/awt/event/PaintEvent;Ljava/awt/event/PaintEvent;)Ljava/awt/event/PaintEvent; 1641 1 2508 0 0
ciMethod java/awt/EventQueue coalesceMouseEvent (Ljava/awt/event/MouseEvent;)Z 1 1 532 0 0
ciMethod java/awt/EventQueue coalescePeerEvent (Lsun/awt/PeerEvent;)Z 0 0 1 0 -1
ciMethod java/awt/EventQueue coalesceOtherEvent (Ljava/awt/AWTEvent;I)Z 0 0 1 0 -1
ciMethod java/awt/EventQueue coalesceEvent (Ljava/awt/AWTEvent;I)Z 2281 1 3754 0 0
ciMethod java/awt/EventQueue cacheEQItem (Lsun/awt/EventQueueItem;)V 641 1 1237 0 0
ciMethod java/awt/EventQueue eventToCacheIndex (Ljava/awt/AWTEvent;)I 2513 1 5436 0 192
ciMethod java/awt/EventQueue noEvents ()Z 49 145 695 0 0
ciMethod java/awt/EventQueue initDispatchThread ()V 9 1 1 0 -1
ciMethod sun/awt/MostRecentKeyValue <init> (Ljava/lang/Object;Ljava/lang/Object;)V 17 1 2 0 -1
ciMethod sun/awt/MostRecentKeyValue setPair (Ljava/lang/Object;Ljava/lang/Object;)V 745 1 939 0 -1
ciMethod sun/awt/PostEventQueue flush ()V 2065 1849 5411 0 0
ciMethod sun/misc/ThreadGroupUtils getRootThreadGroup ()Ljava/lang/ThreadGroup; 49 33 6 0 -1
ciMethod sun/awt/AWTAutoShutdown getInstance ()Lsun/awt/AWTAutoShutdown; 2065 1 10722 0 0
ciMethod sun/awt/AWTAutoShutdown notifyThreadBusy (Ljava/lang/Thread;)V 41 1 628 0 0
ciMethod sun/awt/AWTAutoShutdown isReadyToShutdown ()Z 2057 1 5386 0 128
ciMethod sun/awt/AWTAutoShutdown activateBlockerThread ()V 17 1 2 0 0
ciMethod java/awt/Rectangle <init> (Ljava/awt/Rectangle;)V 729 1 243 0 0
ciMethod java/awt/Rectangle <init> (IIII)V 2049 1 4105 0 -1
ciMethod java/awt/Rectangle reshape (IIII)V 2129 1 2628 0 -1
ciMethod java/awt/Rectangle contains (Ljava/awt/Rectangle;)Z